# JRE version: OpenJDK Runtime Environment Temurin-11.0.13+8 (11.0.13+8) (build 11.0.13+8)
# Java VM: OpenJDK 64-Bit Server VM Temurin-11.0.13+8 (11.0.13+8, mixed mode, tiered, compressed oops, g1 gc, windows-amd64)
Heap:
 garbage-first heap   total 262144K, used 121973K [0x00000000e0000000, 0x0000000100000000)
  region size 1024K, 100 young (102400K), 12 survivors (12288K)
 Metaspace       used 52579K, capacity 53981K, committed 54096K, reserved 301056K
  class space    used 6695K, capacity 7227K, committed 7328K, reserved 253952K
GC Heap History (10 events):
Event: 0.558 GC heap before
{Heap before GC invocations=0 (full 0):
 garbage-first heap   total 262144K, used 29696K [0x00000000e0000000, 0x0000000100000000)
  region size 1024K, 24 young (24576K), 0 survivors (0K)
 Metaspace       used 10160K, capacity 10498K, committed 10624K, reserved 264192K
  class space    used 1040K, capacity 1138K, committed 1152K, reserved 253952K
}
Event: 0.563 GC heap after
{Heap after GC invocations=1 (full 0):
 garbage-first heap   total 262144K, used 9304K [0x00000000e0000000, 0x0000000100000000)
  region size 1024K, 3 young (3072K), 3 survivors (3072K)
 Metaspace       used 10160K, capacity 10498K, committed 10624K, reserved 264192K
  class space    used 1040K, capacity 1138K, committed 1152K, reserved 253952K
}
Event: 2.254 GC heap before
{Heap before GC invocations=1 (full 0):
 garbage-first heap   total 262144K, used 108632K [0x00000000e0000000, 0x0000000100000000)
  region size 1024K, 101 young (103424K), 3 survivors (3072K)
 Metaspace       used 20764K, capacity 21215K, committed 21296K, reserved 274432K
  class space    used 2525K, capacity 2676K, committed 2688K, reserved 253952K
}
Event: 2.263 GC heap after
{Heap after GC invocations=2 (full 0):
 garbage-first heap   total 262144K, used 17262K [0x00000000e0000000, 0x0000000100000000)
  region size 1024K, 11 young (11264K), 11 survivors (11264K)
 Metaspace       used 20764K, capacity 21215K, committed 21296K, reserved 274432K
  class space    used 2525K, capacity 2676K, committed 2688K, reserved 253952K
}
Event: 2.730 GC heap before
{Heap before GC invocations=3 (full 0):
 garbage-first heap   total 262144K, used 63342K [0x00000000e0000000, 0x0000000100000000)
  region size 1024K, 57 young (58368K), 11 survivors (11264K)
 Metaspace       used 25416K, capacity 26062K, committed 26236K, reserved 278528K
  class space    used 3283K, capacity 3487K, committed 3532K, reserved 253952K
}
Event: 2.736 GC heap after
{Heap after GC invocations=4 (full 0):
 garbage-first heap   total 262144K, used 19077K [0x00000000e0000000, 0x0000000100000000)
  region size 1024K, 3 young (3072K), 3 survivors (3072K)
 Metaspace       used 25416K, capacity 26062K, committed 26236K, reserved 278528K
  class space    used 3283K, capacity 3487K, committed 3532K, reserved 253952K
}
Event: 3.539 GC heap before
{Heap before GC invocations=4 (full 0):
 garbage-first heap   total 262144K, used 84613K [0x00000000e0000000, 0x0000000100000000)
  region size 1024K, 68 young (69632K), 3 survivors (3072K)
 Metaspace       used 35234K, capacity 35998K, committed 36048K, reserved 286720K
  class space    used 4540K, capacity 4866K, committed 4896K, reserved 253952K
}
Event: 3.546 GC heap after
{Heap after GC invocations=5 (full 0):
 garbage-first heap   total 262144K, used 22641K [0x00000000e0000000, 0x0000000100000000)
  region size 1024K, 6 young (6144K), 6 survivors (6144K)
 Metaspace       used 35234K, capacity 35998K, committed 36048K, reserved 286720K
  class space    used 4540K, capacity 4866K, committed 4896K, reserved 253952K
}
Event: 4.631 GC heap before
{Heap before GC invocations=6 (full 0):
 garbage-first heap   total 262144K, used 134257K [0x00000000e0000000, 0x0000000100000000)
  region size 1024K, 112 young (114688K), 6 survivors (6144K)
 Metaspace       used 44371K, capacity 45328K, committed 45648K, reserved 294912K
  class space    used 5599K, capacity 5940K, committed 6048K, reserved 253952K
}
Event: 4.639 GC heap after
{Heap after GC invocations=7 (full 0):
 garbage-first heap   total 262144K, used 28789K [0x00000000e0000000, 0x0000000100000000)
  region size 1024K, 12 young (12288K), 12 survivors (12288K)
 Metaspace       used 44371K, capacity 45328K, committed 45648K, reserved 294912K
  class space    used 5599K, capacity 5940K, committed 6048K, reserved 253952K
}

